Arguments: 
  /usr/local/bin/node /usr/local/bin/yarn install

PATH: 
  /usr/local/bin:/usr/bin:/bin:/usr/sbin:/sbin:/usr/local/git/bin:/Library/Frameworks/Mono.framework/Versions/Current/Commands:/Users/lcxfs1991/.rbenv/shims:/opt/local/bin:/opt/local/sbin:/Library/Frameworks/Python.framework/Versions/2.7/bin:/Users/lcxfs1991/.rvm/bin

Yarn version: 
  0.16.1

Node version: 
  7.4.0

Platform: 
  darwin x64

npm manifest: 
  {
    "name": "pure-render-deepcompare-decorator",
    "version": "0.0.1",
    "description": "pure render decorator, deep comparison",
    "main": "./lib/index.js",
    "scripts": {
      "build": "babel src --out-dir lib --copy-files",
      "prepublish": "babel src --out-dir lib --copy-files",
      "start": "node ./tools/start.js",
      "dev": "node ./tools/start.js",
      "lint": "eslint src"
    },
    "eslintConfig": {
      "extends": "./tools/config/eslint-config.js"
    },
    "repository": {
      "type": "git",
      "url": "https://github.com/SteamerTeam/pure-render-deepCompare-decorator.git"
    },
    "keywords": [
      "react",
      "pure render",
      "deep compare"
    ],
    "author": "heyli",
    "license": "ISC",
    "dependencies": {
    },
    "devDependencies": {

      "react": "^15.4.2",
      "react-dom": "^15.4.2",
      "webpack": "^1.14.0"
    }
  }

yarn manifest: 
  No manifest

bower manifest: 
  No manifest

Lockfile: 
  No lockfile

Trace: 
  Error: read ETIMEDOUT
      at exports._errnoException (util.js:1022:11)
      at TLSWrap.onread (net.js:572:26)
